2023.09.06 10:08:16 INFO  Started: Metals version 0.11.11 in workspace 'C:\Users\hugo\Documents\TAA\tpjpa2023' for client Visual Studio Code 1.76.2.
SLF4J: No SLF4J providers were found.
SLF4J: Defaulting to no-operation (NOP) logger implementation
SLF4J: See https://www.slf4j.org/codes.html#noProviders for further details.
SLF4J: Class path contains SLF4J bindings targeting slf4j-api versions 1.7.x or earlier.
SLF4J: Ignoring binding found at [jar:file:/C:/Users/hugo/AppData/Local/Coursier/cache/v1/https/repo1.maven.org/maven2/com/outr/scribe-slf4j_2.13/3.11.0/scribe-slf4j_2.13-3.11.0.jar!/org/slf4j/impl/StaticLoggerBinder.class]
SLF4J: See https://www.slf4j.org/codes.html#ignoredBindings for an explanation.
2023.09.06 10:08:17 INFO  time: initialize in 0.87s
2023.09.06 10:08:20 WARN  Build server is not auto-connectable.
2023.09.06 10:08:20 WARN  no build target for: C:\Users\hugo\Documents\TAA\tpjpa2023\src\main\java\jpa\JpaTest.java
sept. 06, 2023 10:08:20 AM org.eclipse.lsp4j.jsonrpc.RemoteEndpoint handleCancellation
WARNING: Unmatched cancel notification for request id 1
sept. 06, 2023 10:08:21 AM org.eclipse.lsp4j.jsonrpc.RemoteEndpoint handleCancellation
WARNING: Unmatched cancel notification for request id 2
2023.09.06 10:08:24 ERROR text document: file:///C:/Users/hugo/Documents/TAA/tpjpa2023/src/main/java/jpa/JpaTest.java
java.nio.file.InvalidPathException: Illegal char <:> at index 4: file:///C:/Users/hugo/Documents/TAA/tpjpa2023/src/main/java/jpa/JpaTest.java
	at sun.nio.fs.WindowsPathParser.normalize(WindowsPathParser.java:182)
	at sun.nio.fs.WindowsPathParser.parse(WindowsPathParser.java:153)
	at sun.nio.fs.WindowsPathParser.parse(WindowsPathParser.java:77)
	at sun.nio.fs.WindowsPath.parse(WindowsPath.java:92)
	at sun.nio.fs.WindowsFileSystem.getPath(WindowsFileSystem.java:229)
	at java.nio.file.Path.resolve(Path.java:515)
	at scala.meta.io.AbsolutePath.resolve(AbsolutePath.scala:43)
	at scala.meta.internal.implementation.ImplementationProvider.$anonfun$computeInheritance$2(ImplementationProvider.scala:85)
	at scala.collection.immutable.Vector.foreach(Vector.scala:1895)
	at scala.meta.internal.implementation.ImplementationProvider.$anonfun$computeInheritance$1(ImplementationProvider.scala:79)
	at scala.meta.internal.implementation.ImplementationProvider.$anonfun$computeInheritance$1$adapted(ImplementationProvider.scala:78)
	at scala.collection.immutable.List.foreach(List.scala:333)
	at scala.meta.internal.implementation.ImplementationProvider.computeInheritance(ImplementationProvider.scala:78)
	at scala.meta.internal.implementation.ImplementationProvider.$anonfun$onChange$1(ImplementationProvider.scala:68)
	at java.util.concurrent.ConcurrentHashMap.compute(ConcurrentHashMap.java:1916)
	at scala.meta.internal.implementation.ImplementationProvider.onChange(ImplementationProvider.scala:68)
	at scala.meta.internal.metals.SemanticdbIndexer.$anonfun$onChange$1(SemanticdbIndexer.scala:81)
	at scala.meta.internal.metals.SemanticdbIndexer.$anonfun$onChange$1$adapted(SemanticdbIndexer.scala:81)
	at scala.collection.immutable.List.foreach(List.scala:333)
	at scala.meta.internal.metals.SemanticdbIndexer.onChange(SemanticdbIndexer.scala:81)
	at scala.meta.internal.metals.SemanticdbIndexer.onChange(SemanticdbIndexer.scala:77)
	at scala.meta.internal.metals.InteractiveSemanticdbs.$anonfun$textDocument$1(InteractiveSemanticdbs.scala:96)
	at java.util.HashMap.compute(HashMap.java:1320)
	at java.util.Collections$SynchronizedMap.compute(Collections.java:2732)
	at scala.meta.internal.metals.InteractiveSemanticdbs.textDocument(InteractiveSemanticdbs.scala:89)
	at scala.meta.internal.metals.InteractiveSemanticdbs.textDocument(InteractiveSemanticdbs.scala:63)
	at scala.meta.internal.metals.AggregateSemanticdbs.loop$1(AggregateSemanticdbs.scala:30)
	at scala.meta.internal.metals.AggregateSemanticdbs.textDocument(AggregateSemanticdbs.scala:36)
	at scala.meta.internal.metals.CodeLensProvider.findLenses(CodeLensProvider.scala:22)
	at scala.meta.internal.metals.MetalsLspService.$anonfun$codeLens$2(MetalsLspService.scala:1761)
	at scala.meta.internal.metals.TimerProvider.timedThunk(TimerProvider.scala:25)
	at scala.meta.internal.metals.MetalsLspService.$anonfun$codeLens$1(MetalsLspService.scala:1759)
	at scala.meta.internal.metals.CancelTokens$.$anonfun$apply$2(CancelTokens.scala:26)
	at scala.concurrent.Future$.$anonfun$apply$1(Future.scala:678)
	at scala.concurrent.impl.Promise$Transformation.run(Promise.scala:467)
	at java.util.concurrent.ThreadPoolExecutor.runWorker(ThreadPoolExecutor.java:1130)
	at java.util.concurrent.ThreadPoolExecutor$Worker.run(ThreadPoolExecutor.java:630)
	at java.lang.Thread.run(Thread.java:832)

2023.09.06 10:08:24 INFO  time: code lens generation in 3.65s
2023.09.06 10:08:32 WARN  no build target for: C:\Users\hugo\Documents\TAA\tpjpa2023\src\main\java\jpa\EntityManagerHelper.java
2023.09.06 10:08:36 ERROR text document: file:///C:/Users/hugo/Documents/TAA/tpjpa2023/src/main/java/jpa/EntityManagerHelper.java
java.nio.file.InvalidPathException: Illegal char <:> at index 4: file:///C:/Users/hugo/Documents/TAA/tpjpa2023/src/main/java/jpa/EntityManagerHelper.java
	at sun.nio.fs.WindowsPathParser.normalize(WindowsPathParser.java:182)
	at sun.nio.fs.WindowsPathParser.parse(WindowsPathParser.java:153)
	at sun.nio.fs.WindowsPathParser.parse(WindowsPathParser.java:77)
	at sun.nio.fs.WindowsPath.parse(WindowsPath.java:92)
	at sun.nio.fs.WindowsFileSystem.getPath(WindowsFileSystem.java:229)
	at java.nio.file.Path.resolve(Path.java:515)
	at scala.meta.io.AbsolutePath.resolve(AbsolutePath.scala:43)
	at scala.meta.internal.implementation.ImplementationProvider.$anonfun$computeInheritance$2(ImplementationProvider.scala:85)
	at scala.collection.immutable.Vector.foreach(Vector.scala:1895)
	at scala.meta.internal.implementation.ImplementationProvider.$anonfun$computeInheritance$1(ImplementationProvider.scala:79)
	at scala.meta.internal.implementation.ImplementationProvider.$anonfun$computeInheritance$1$adapted(ImplementationProvider.scala:78)
	at scala.collection.immutable.List.foreach(List.scala:333)
	at scala.meta.internal.implementation.ImplementationProvider.computeInheritance(ImplementationProvider.scala:78)
	at scala.meta.internal.implementation.ImplementationProvider.$anonfun$onChange$1(ImplementationProvider.scala:68)
	at java.util.concurrent.ConcurrentHashMap.compute(ConcurrentHashMap.java:1916)
	at scala.meta.internal.implementation.ImplementationProvider.onChange(ImplementationProvider.scala:68)
	at scala.meta.internal.metals.SemanticdbIndexer.$anonfun$onChange$1(SemanticdbIndexer.scala:81)
	at scala.meta.internal.metals.SemanticdbIndexer.$anonfun$onChange$1$adapted(SemanticdbIndexer.scala:81)
	at scala.collection.immutable.List.foreach(List.scala:333)
	at scala.meta.internal.metals.SemanticdbIndexer.onChange(SemanticdbIndexer.scala:81)
	at scala.meta.internal.metals.SemanticdbIndexer.onChange(SemanticdbIndexer.scala:77)
	at scala.meta.internal.metals.InteractiveSemanticdbs.$anonfun$textDocument$1(InteractiveSemanticdbs.scala:96)
	at java.util.HashMap.compute(HashMap.java:1320)
	at java.util.Collections$SynchronizedMap.compute(Collections.java:2732)
	at scala.meta.internal.metals.InteractiveSemanticdbs.textDocument(InteractiveSemanticdbs.scala:89)
	at scala.meta.internal.metals.InteractiveSemanticdbs.textDocument(InteractiveSemanticdbs.scala:63)
	at scala.meta.internal.metals.AggregateSemanticdbs.loop$1(AggregateSemanticdbs.scala:30)
	at scala.meta.internal.metals.AggregateSemanticdbs.textDocument(AggregateSemanticdbs.scala:36)
	at scala.meta.internal.metals.CodeLensProvider.findLenses(CodeLensProvider.scala:22)
	at scala.meta.internal.metals.MetalsLspService.$anonfun$codeLens$2(MetalsLspService.scala:1761)
	at scala.meta.internal.metals.TimerProvider.timedThunk(TimerProvider.scala:25)
	at scala.meta.internal.metals.MetalsLspService.$anonfun$codeLens$1(MetalsLspService.scala:1759)
	at scala.meta.internal.metals.CancelTokens$.$anonfun$apply$2(CancelTokens.scala:26)
	at scala.concurrent.Future$.$anonfun$apply$1(Future.scala:678)
	at scala.concurrent.impl.Promise$Transformation.run(Promise.scala:467)
	at java.util.concurrent.ThreadPoolExecutor.runWorker(ThreadPoolExecutor.java:1130)
	at java.util.concurrent.ThreadPoolExecutor$Worker.run(ThreadPoolExecutor.java:630)
	at java.lang.Thread.run(Thread.java:832)

2023.09.06 10:08:36 INFO  time: code lens generation in 3.24s
2023.09.06 10:21:28 WARN  no build target for: C:\Users\hugo\Documents\TAA\tpjpa2023\src\main\java\jpa\EntityManagerHelper.java
2023.09.06 10:21:29 WARN  no build target for: C:\Users\hugo\Documents\TAA\tpjpa2023\src\main\java\jpa\JpaTest.java
2023.09.06 10:21:32 ERROR text document: file:///C:/Users/hugo/Documents/TAA/tpjpa2023/src/main/java/jpa/JpaTest.java
java.nio.file.InvalidPathException: Illegal char <:> at index 4: file:///C:/Users/hugo/Documents/TAA/tpjpa2023/src/main/java/jpa/JpaTest.java
	at sun.nio.fs.WindowsPathParser.normalize(WindowsPathParser.java:182)
	at sun.nio.fs.WindowsPathParser.parse(WindowsPathParser.java:153)
	at sun.nio.fs.WindowsPathParser.parse(WindowsPathParser.java:77)
	at sun.nio.fs.WindowsPath.parse(WindowsPath.java:92)
	at sun.nio.fs.WindowsFileSystem.getPath(WindowsFileSystem.java:229)
	at java.nio.file.Path.resolve(Path.java:515)
	at scala.meta.io.AbsolutePath.resolve(AbsolutePath.scala:43)
	at scala.meta.internal.implementation.ImplementationProvider.$anonfun$computeInheritance$2(ImplementationProvider.scala:85)
	at scala.collection.immutable.Vector.foreach(Vector.scala:1895)
	at scala.meta.internal.implementation.ImplementationProvider.$anonfun$computeInheritance$1(ImplementationProvider.scala:79)
	at scala.meta.internal.implementation.ImplementationProvider.$anonfun$computeInheritance$1$adapted(ImplementationProvider.scala:78)
	at scala.collection.immutable.List.foreach(List.scala:333)
	at scala.meta.internal.implementation.ImplementationProvider.computeInheritance(ImplementationProvider.scala:78)
	at scala.meta.internal.implementation.ImplementationProvider.$anonfun$onChange$1(ImplementationProvider.scala:68)
	at java.util.concurrent.ConcurrentHashMap.compute(ConcurrentHashMap.java:1916)
	at scala.meta.internal.implementation.ImplementationProvider.onChange(ImplementationProvider.scala:68)
	at scala.meta.internal.metals.SemanticdbIndexer.$anonfun$onChange$1(SemanticdbIndexer.scala:81)
	at scala.meta.internal.metals.SemanticdbIndexer.$anonfun$onChange$1$adapted(SemanticdbIndexer.scala:81)
	at scala.collection.immutable.List.foreach(List.scala:333)
	at scala.meta.internal.metals.SemanticdbIndexer.onChange(SemanticdbIndexer.scala:81)
	at scala.meta.internal.metals.SemanticdbIndexer.onChange(SemanticdbIndexer.scala:77)
	at scala.meta.internal.metals.InteractiveSemanticdbs.$anonfun$textDocument$1(InteractiveSemanticdbs.scala:96)
	at java.util.HashMap.compute(HashMap.java:1320)
	at java.util.Collections$SynchronizedMap.compute(Collections.java:2732)
	at scala.meta.internal.metals.InteractiveSemanticdbs.textDocument(InteractiveSemanticdbs.scala:89)
	at scala.meta.internal.metals.InteractiveSemanticdbs.textDocument(InteractiveSemanticdbs.scala:63)
	at scala.meta.internal.metals.AggregateSemanticdbs.loop$1(AggregateSemanticdbs.scala:30)
	at scala.meta.internal.metals.AggregateSemanticdbs.textDocument(AggregateSemanticdbs.scala:36)
	at scala.meta.internal.metals.CodeLensProvider.findLenses(CodeLensProvider.scala:22)
	at scala.meta.internal.metals.MetalsLspService.$anonfun$codeLens$2(MetalsLspService.scala:1761)
	at scala.meta.internal.metals.TimerProvider.timedThunk(TimerProvider.scala:25)
	at scala.meta.internal.metals.MetalsLspService.$anonfun$codeLens$1(MetalsLspService.scala:1759)
	at scala.meta.internal.metals.CancelTokens$.$anonfun$apply$2(CancelTokens.scala:26)
	at scala.concurrent.Future$.$anonfun$apply$1(Future.scala:678)
	at scala.concurrent.impl.Promise$Transformation.run(Promise.scala:467)
	at java.util.concurrent.ThreadPoolExecutor.runWorker(ThreadPoolExecutor.java:1130)
	at java.util.concurrent.ThreadPoolExecutor$Worker.run(ThreadPoolExecutor.java:630)
	at java.lang.Thread.run(Thread.java:832)

2023.09.06 10:21:32 INFO  time: code lens generation in 1.7s
2023.09.06 10:25:15 ERROR text document: file:///C:/Users/hugo/Documents/TAA/tpjpa2023/src/main/java/jpa/JpaTest.java
java.nio.file.InvalidPathException: Illegal char <:> at index 4: file:///C:/Users/hugo/Documents/TAA/tpjpa2023/src/main/java/jpa/JpaTest.java
	at sun.nio.fs.WindowsPathParser.normalize(WindowsPathParser.java:182)
	at sun.nio.fs.WindowsPathParser.parse(WindowsPathParser.java:153)
	at sun.nio.fs.WindowsPathParser.parse(WindowsPathParser.java:77)
	at sun.nio.fs.WindowsPath.parse(WindowsPath.java:92)
	at sun.nio.fs.WindowsFileSystem.getPath(WindowsFileSystem.java:229)
	at java.nio.file.Path.resolve(Path.java:515)
	at scala.meta.io.AbsolutePath.resolve(AbsolutePath.scala:43)
	at scala.meta.internal.implementation.ImplementationProvider.$anonfun$computeInheritance$2(ImplementationProvider.scala:85)
	at scala.collection.immutable.Vector.foreach(Vector.scala:1895)
	at scala.meta.internal.implementation.ImplementationProvider.$anonfun$computeInheritance$1(ImplementationProvider.scala:79)
	at scala.meta.internal.implementation.ImplementationProvider.$anonfun$computeInheritance$1$adapted(ImplementationProvider.scala:78)
	at scala.collection.immutable.List.foreach(List.scala:333)
	at scala.meta.internal.implementation.ImplementationProvider.computeInheritance(ImplementationProvider.scala:78)
	at scala.meta.internal.implementation.ImplementationProvider.$anonfun$onChange$1(ImplementationProvider.scala:68)
	at java.util.concurrent.ConcurrentHashMap.compute(ConcurrentHashMap.java:1916)
	at scala.meta.internal.implementation.ImplementationProvider.onChange(ImplementationProvider.scala:68)
	at scala.meta.internal.metals.SemanticdbIndexer.$anonfun$onChange$1(SemanticdbIndexer.scala:81)
	at scala.meta.internal.metals.SemanticdbIndexer.$anonfun$onChange$1$adapted(SemanticdbIndexer.scala:81)
	at scala.collection.immutable.List.foreach(List.scala:333)
	at scala.meta.internal.metals.SemanticdbIndexer.onChange(SemanticdbIndexer.scala:81)
	at scala.meta.internal.metals.SemanticdbIndexer.onChange(SemanticdbIndexer.scala:77)
	at scala.meta.internal.metals.InteractiveSemanticdbs.$anonfun$textDocument$1(InteractiveSemanticdbs.scala:96)
	at java.util.HashMap.compute(HashMap.java:1320)
	at java.util.Collections$SynchronizedMap.compute(Collections.java:2732)
	at scala.meta.internal.metals.InteractiveSemanticdbs.textDocument(InteractiveSemanticdbs.scala:89)
	at scala.meta.internal.metals.InteractiveSemanticdbs.textDocument(InteractiveSemanticdbs.scala:63)
	at scala.meta.internal.metals.AggregateSemanticdbs.loop$1(AggregateSemanticdbs.scala:30)
	at scala.meta.internal.metals.AggregateSemanticdbs.textDocument(AggregateSemanticdbs.scala:36)
	at scala.meta.internal.metals.CodeLensProvider.findLenses(CodeLensProvider.scala:22)
	at scala.meta.internal.metals.MetalsLspService.$anonfun$codeLens$2(MetalsLspService.scala:1761)
	at scala.meta.internal.metals.TimerProvider.timedThunk(TimerProvider.scala:25)
	at scala.meta.internal.metals.MetalsLspService.$anonfun$codeLens$1(MetalsLspService.scala:1759)
	at scala.meta.internal.metals.CancelTokens$.$anonfun$apply$2(CancelTokens.scala:26)
	at scala.concurrent.Future$.$anonfun$apply$1(Future.scala:678)
	at scala.concurrent.impl.Promise$Transformation.run(Promise.scala:467)
	at java.util.concurrent.ThreadPoolExecutor.runWorker(ThreadPoolExecutor.java:1130)
	at java.util.concurrent.ThreadPoolExecutor$Worker.run(ThreadPoolExecutor.java:630)
	at java.lang.Thread.run(Thread.java:832)

2023.09.06 10:25:15 INFO  time: code lens generation in 1.18s
2023.09.06 10:25:56 WARN  no build target for: C:\Users\hugo\Documents\TAA\tpjpa2023\Entity\Employee.java.java
2023.09.06 10:25:57 WARN  Running javac-semanticdb failed for file:///C:/Users/hugo/Documents/TAA/tpjpa2023/Entity/Employee.java.java. Output:
C:\Users\hugo\Documents\TAA\tpjpa2023\Entity\Employee.java.java:1: error: illegal character: '`'
class `Employee.java` {
      ^
C:\Users\hugo\Documents\TAA\tpjpa2023\Entity\Employee.java.java:1: error: illegal character: '`'
class `Employee.java` {
                    ^
2 errors
2023.09.06 10:26:09 WARN  no build target for: C:\Users\hugo\Documents\TAA\tpjpa2023\Entity\Employee.java
2023.09.06 10:26:10 WARN  Running javac-semanticdb failed for file:///C:/Users/hugo/Documents/TAA/tpjpa2023/Entity/Employee.java. Output:
C:\Users\hugo\Documents\TAA\tpjpa2023\Entity\Employee.java:1: error: illegal character: '`'
class `Employee.java` {
      ^
C:\Users\hugo\Documents\TAA\tpjpa2023\Entity\Employee.java:1: error: illegal character: '`'
class `Employee.java` {
                    ^
2 errors
2023.09.06 10:26:24 WARN  no build target for: C:\Users\hugo\Documents\TAA\tpjpa2023\Entity\Employee.java
2023.09.06 10:26:27 ERROR text document: file:///C:/Users/hugo/Documents/TAA/tpjpa2023/Entity/Employee.java
java.nio.file.InvalidPathException: Illegal char <:> at index 4: file:///C:/Users/hugo/Documents/TAA/tpjpa2023/Entity/Employee.java
	at sun.nio.fs.WindowsPathParser.normalize(WindowsPathParser.java:182)
	at sun.nio.fs.WindowsPathParser.parse(WindowsPathParser.java:153)
	at sun.nio.fs.WindowsPathParser.parse(WindowsPathParser.java:77)
	at sun.nio.fs.WindowsPath.parse(WindowsPath.java:92)
	at sun.nio.fs.WindowsFileSystem.getPath(WindowsFileSystem.java:229)
	at java.nio.file.Path.resolve(Path.java:515)
	at scala.meta.io.AbsolutePath.resolve(AbsolutePath.scala:43)
	at scala.meta.internal.implementation.ImplementationProvider.$anonfun$computeInheritance$2(ImplementationProvider.scala:85)
	at scala.collection.immutable.Vector.foreach(Vector.scala:1895)
	at scala.meta.internal.implementation.ImplementationProvider.$anonfun$computeInheritance$1(ImplementationProvider.scala:79)
	at scala.meta.internal.implementation.ImplementationProvider.$anonfun$computeInheritance$1$adapted(ImplementationProvider.scala:78)
	at scala.collection.immutable.List.foreach(List.scala:333)
	at scala.meta.internal.implementation.ImplementationProvider.computeInheritance(ImplementationProvider.scala:78)
	at scala.meta.internal.implementation.ImplementationProvider.$anonfun$onChange$1(ImplementationProvider.scala:68)
	at java.util.concurrent.ConcurrentHashMap.compute(ConcurrentHashMap.java:1940)
	at scala.meta.internal.implementation.ImplementationProvider.onChange(ImplementationProvider.scala:68)
	at scala.meta.internal.metals.SemanticdbIndexer.$anonfun$onChange$1(SemanticdbIndexer.scala:81)
	at scala.meta.internal.metals.SemanticdbIndexer.$anonfun$onChange$1$adapted(SemanticdbIndexer.scala:81)
	at scala.collection.immutable.List.foreach(List.scala:333)
	at scala.meta.internal.metals.SemanticdbIndexer.onChange(SemanticdbIndexer.scala:81)
	at scala.meta.internal.metals.SemanticdbIndexer.onChange(SemanticdbIndexer.scala:77)
	at scala.meta.internal.metals.InteractiveSemanticdbs.$anonfun$textDocument$1(InteractiveSemanticdbs.scala:96)
	at java.util.HashMap.compute(HashMap.java:1320)
	at java.util.Collections$SynchronizedMap.compute(Collections.java:2732)
	at scala.meta.internal.metals.InteractiveSemanticdbs.textDocument(InteractiveSemanticdbs.scala:89)
	at scala.meta.internal.metals.InteractiveSemanticdbs.textDocument(InteractiveSemanticdbs.scala:63)
	at scala.meta.internal.metals.AggregateSemanticdbs.loop$1(AggregateSemanticdbs.scala:30)
	at scala.meta.internal.metals.AggregateSemanticdbs.textDocument(AggregateSemanticdbs.scala:36)
	at scala.meta.internal.metals.CodeLensProvider.findLenses(CodeLensProvider.scala:22)
	at scala.meta.internal.metals.MetalsLspService.$anonfun$codeLens$2(MetalsLspService.scala:1761)
	at scala.meta.internal.metals.TimerProvider.timedThunk(TimerProvider.scala:25)
	at scala.meta.internal.metals.MetalsLspService.$anonfun$codeLens$1(MetalsLspService.scala:1759)
	at scala.meta.internal.metals.CancelTokens$.$anonfun$apply$2(CancelTokens.scala:26)
	at scala.concurrent.Future$.$anonfun$apply$1(Future.scala:678)
	at scala.concurrent.impl.Promise$Transformation.run(Promise.scala:467)
	at java.util.concurrent.ThreadPoolExecutor.runWorker(ThreadPoolExecutor.java:1130)
	at java.util.concurrent.ThreadPoolExecutor$Worker.run(ThreadPoolExecutor.java:630)
	at java.lang.Thread.run(Thread.java:832)

2023.09.06 10:26:27 INFO  time: code lens generation in 2.41s
2023.09.06 10:28:31 ERROR text document: file:///C:/Users/hugo/Documents/TAA/tpjpa2023/Entity/Employee.java
java.nio.file.InvalidPathException: Illegal char <:> at index 4: file:///C:/Users/hugo/Documents/TAA/tpjpa2023/Entity/Employee.java
	at sun.nio.fs.WindowsPathParser.normalize(WindowsPathParser.java:182)
	at sun.nio.fs.WindowsPathParser.parse(WindowsPathParser.java:153)
	at sun.nio.fs.WindowsPathParser.parse(WindowsPathParser.java:77)
	at sun.nio.fs.WindowsPath.parse(WindowsPath.java:92)
	at sun.nio.fs.WindowsFileSystem.getPath(WindowsFileSystem.java:229)
	at java.nio.file.Path.resolve(Path.java:515)
	at scala.meta.io.AbsolutePath.resolve(AbsolutePath.scala:43)
	at scala.meta.internal.implementation.ImplementationProvider.$anonfun$computeInheritance$2(ImplementationProvider.scala:85)
	at scala.collection.immutable.Vector.foreach(Vector.scala:1895)
	at scala.meta.internal.implementation.ImplementationProvider.$anonfun$computeInheritance$1(ImplementationProvider.scala:79)
	at scala.meta.internal.implementation.ImplementationProvider.$anonfun$computeInheritance$1$adapted(ImplementationProvider.scala:78)
	at scala.collection.immutable.List.foreach(List.scala:333)
	at scala.meta.internal.implementation.ImplementationProvider.computeInheritance(ImplementationProvider.scala:78)
	at scala.meta.internal.implementation.ImplementationProvider.$anonfun$onChange$1(ImplementationProvider.scala:68)
	at java.util.concurrent.ConcurrentHashMap.compute(ConcurrentHashMap.java:1940)
	at scala.meta.internal.implementation.ImplementationProvider.onChange(ImplementationProvider.scala:68)
	at scala.meta.internal.metals.SemanticdbIndexer.$anonfun$onChange$1(SemanticdbIndexer.scala:81)
	at scala.meta.internal.metals.SemanticdbIndexer.$anonfun$onChange$1$adapted(SemanticdbIndexer.scala:81)
	at scala.collection.immutable.List.foreach(List.scala:333)
	at scala.meta.internal.metals.SemanticdbIndexer.onChange(SemanticdbIndexer.scala:81)
	at scala.meta.internal.metals.SemanticdbIndexer.onChange(SemanticdbIndexer.scala:77)
	at scala.meta.internal.metals.InteractiveSemanticdbs.$anonfun$textDocument$1(InteractiveSemanticdbs.scala:96)
	at java.util.HashMap.compute(HashMap.java:1320)
	at java.util.Collections$SynchronizedMap.compute(Collections.java:2732)
	at scala.meta.internal.metals.InteractiveSemanticdbs.textDocument(InteractiveSemanticdbs.scala:89)
	at scala.meta.internal.metals.InteractiveSemanticdbs.textDocument(InteractiveSemanticdbs.scala:63)
	at scala.meta.internal.metals.AggregateSemanticdbs.loop$1(AggregateSemanticdbs.scala:30)
	at scala.meta.internal.metals.AggregateSemanticdbs.textDocument(AggregateSemanticdbs.scala:36)
	at scala.meta.internal.metals.CodeLensProvider.findLenses(CodeLensProvider.scala:22)
	at scala.meta.internal.metals.MetalsLspService.$anonfun$codeLens$2(MetalsLspService.scala:1761)
	at scala.meta.internal.metals.TimerProvider.timedThunk(TimerProvider.scala:25)
	at scala.meta.internal.metals.MetalsLspService.$anonfun$codeLens$1(MetalsLspService.scala:1759)
	at scala.meta.internal.metals.CancelTokens$.$anonfun$apply$2(CancelTokens.scala:26)
	at scala.concurrent.Future$.$anonfun$apply$1(Future.scala:678)
	at scala.concurrent.impl.Promise$Transformation.run(Promise.scala:467)
	at java.util.concurrent.ThreadPoolExecutor.runWorker(ThreadPoolExecutor.java:1130)
	at java.util.concurrent.ThreadPoolExecutor$Worker.run(ThreadPoolExecutor.java:630)
	at java.lang.Thread.run(Thread.java:832)

2023.09.06 10:28:31 INFO  time: code lens generation in 1.37s
2023.09.06 10:28:54 WARN  no build target for: C:\Users\hugo\Documents\TAA\tpjpa2023\Entity\Department.java
2023.09.06 10:28:56 ERROR text document: file:///C:/Users/hugo/Documents/TAA/tpjpa2023/Entity/Department.java
java.nio.file.InvalidPathException: Illegal char <:> at index 4: file:///C:/Users/hugo/Documents/TAA/tpjpa2023/Entity/Department.java
	at sun.nio.fs.WindowsPathParser.normalize(WindowsPathParser.java:182)
	at sun.nio.fs.WindowsPathParser.parse(WindowsPathParser.java:153)
	at sun.nio.fs.WindowsPathParser.parse(WindowsPathParser.java:77)
	at sun.nio.fs.WindowsPath.parse(WindowsPath.java:92)
	at sun.nio.fs.WindowsFileSystem.getPath(WindowsFileSystem.java:229)
	at java.nio.file.Path.resolve(Path.java:515)
	at scala.meta.io.AbsolutePath.resolve(AbsolutePath.scala:43)
	at scala.meta.internal.implementation.ImplementationProvider.$anonfun$computeInheritance$2(ImplementationProvider.scala:85)
	at scala.collection.immutable.Vector.foreach(Vector.scala:1895)
	at scala.meta.internal.implementation.ImplementationProvider.$anonfun$computeInheritance$1(ImplementationProvider.scala:79)
	at scala.meta.internal.implementation.ImplementationProvider.$anonfun$computeInheritance$1$adapted(ImplementationProvider.scala:78)
	at scala.collection.immutable.List.foreach(List.scala:333)
	at scala.meta.internal.implementation.ImplementationProvider.computeInheritance(ImplementationProvider.scala:78)
	at scala.meta.internal.implementation.ImplementationProvider.$anonfun$onChange$1(ImplementationProvider.scala:68)
	at java.util.concurrent.ConcurrentHashMap.compute(ConcurrentHashMap.java:1916)
	at scala.meta.internal.implementation.ImplementationProvider.onChange(ImplementationProvider.scala:68)
	at scala.meta.internal.metals.SemanticdbIndexer.$anonfun$onChange$1(SemanticdbIndexer.scala:81)
	at scala.meta.internal.metals.SemanticdbIndexer.$anonfun$onChange$1$adapted(SemanticdbIndexer.scala:81)
	at scala.collection.immutable.List.foreach(List.scala:333)
	at scala.meta.internal.metals.SemanticdbIndexer.onChange(SemanticdbIndexer.scala:81)
	at scala.meta.internal.metals.SemanticdbIndexer.onChange(SemanticdbIndexer.scala:77)
	at scala.meta.internal.metals.InteractiveSemanticdbs.$anonfun$textDocument$1(InteractiveSemanticdbs.scala:96)
	at java.util.HashMap.compute(HashMap.java:1320)
	at java.util.Collections$SynchronizedMap.compute(Collections.java:2732)
	at scala.meta.internal.metals.InteractiveSemanticdbs.textDocument(InteractiveSemanticdbs.scala:89)
	at scala.meta.internal.metals.InteractiveSemanticdbs.textDocument(InteractiveSemanticdbs.scala:63)
	at scala.meta.internal.metals.AggregateSemanticdbs.loop$1(AggregateSemanticdbs.scala:30)
	at scala.meta.internal.metals.AggregateSemanticdbs.textDocument(AggregateSemanticdbs.scala:36)
	at scala.meta.internal.metals.CodeLensProvider.findLenses(CodeLensProvider.scala:22)
	at scala.meta.internal.metals.MetalsLspService.$anonfun$codeLens$2(MetalsLspService.scala:1761)
	at scala.meta.internal.metals.TimerProvider.timedThunk(TimerProvider.scala:25)
	at scala.meta.internal.metals.MetalsLspService.$anonfun$codeLens$1(MetalsLspService.scala:1759)
	at scala.meta.internal.metals.CancelTokens$.$anonfun$apply$2(CancelTokens.scala:26)
	at scala.concurrent.Future$.$anonfun$apply$1(Future.scala:678)
	at scala.concurrent.impl.Promise$Transformation.run(Promise.scala:467)
	at java.util.concurrent.ThreadPoolExecutor.runWorker(ThreadPoolExecutor.java:1130)
	at java.util.concurrent.ThreadPoolExecutor$Worker.run(ThreadPoolExecutor.java:630)
	at java.lang.Thread.run(Thread.java:832)

2023.09.06 10:28:56 INFO  time: code lens generation in 1.64s
2023.09.06 10:29:07 ERROR text document: file:///C:/Users/hugo/Documents/TAA/tpjpa2023/Entity/Department.java
java.nio.file.InvalidPathException: Illegal char <:> at index 4: file:///C:/Users/hugo/Documents/TAA/tpjpa2023/Entity/Department.java
	at sun.nio.fs.WindowsPathParser.normalize(WindowsPathParser.java:182)
	at sun.nio.fs.WindowsPathParser.parse(WindowsPathParser.java:153)
	at sun.nio.fs.WindowsPathParser.parse(WindowsPathParser.java:77)
	at sun.nio.fs.WindowsPath.parse(WindowsPath.java:92)
	at sun.nio.fs.WindowsFileSystem.getPath(WindowsFileSystem.java:229)
	at java.nio.file.Path.resolve(Path.java:515)
	at scala.meta.io.AbsolutePath.resolve(AbsolutePath.scala:43)
	at scala.meta.internal.implementation.ImplementationProvider.$anonfun$computeInheritance$2(ImplementationProvider.scala:85)
	at scala.collection.immutable.Vector.foreach(Vector.scala:1895)
	at scala.meta.internal.implementation.ImplementationProvider.$anonfun$computeInheritance$1(ImplementationProvider.scala:79)
	at scala.meta.internal.implementation.ImplementationProvider.$anonfun$computeInheritance$1$adapted(ImplementationProvider.scala:78)
	at scala.collection.immutable.List.foreach(List.scala:333)
	at scala.meta.internal.implementation.ImplementationProvider.computeInheritance(ImplementationProvider.scala:78)
	at scala.meta.internal.implementation.ImplementationProvider.$anonfun$onChange$1(ImplementationProvider.scala:68)
	at java.util.concurrent.ConcurrentHashMap.compute(ConcurrentHashMap.java:1916)
	at scala.meta.internal.implementation.ImplementationProvider.onChange(ImplementationProvider.scala:68)
	at scala.meta.internal.metals.SemanticdbIndexer.$anonfun$onChange$1(SemanticdbIndexer.scala:81)
	at scala.meta.internal.metals.SemanticdbIndexer.$anonfun$onChange$1$adapted(SemanticdbIndexer.scala:81)
	at scala.collection.immutable.List.foreach(List.scala:333)
	at scala.meta.internal.metals.SemanticdbIndexer.onChange(SemanticdbIndexer.scala:81)
	at scala.meta.internal.metals.SemanticdbIndexer.onChange(SemanticdbIndexer.scala:77)
	at scala.meta.internal.metals.InteractiveSemanticdbs.$anonfun$textDocument$1(InteractiveSemanticdbs.scala:96)
	at java.util.HashMap.compute(HashMap.java:1320)
	at java.util.Collections$SynchronizedMap.compute(Collections.java:2732)
	at scala.meta.internal.metals.InteractiveSemanticdbs.textDocument(InteractiveSemanticdbs.scala:89)
	at scala.meta.internal.metals.InteractiveSemanticdbs.textDocument(InteractiveSemanticdbs.scala:63)
	at scala.meta.internal.metals.AggregateSemanticdbs.loop$1(AggregateSemanticdbs.scala:30)
	at scala.meta.internal.metals.AggregateSemanticdbs.textDocument(AggregateSemanticdbs.scala:36)
	at scala.meta.internal.metals.CodeLensProvider.findLenses(CodeLensProvider.scala:22)
	at scala.meta.internal.metals.MetalsLspService.$anonfun$codeLens$2(MetalsLspService.scala:1761)
	at scala.meta.internal.metals.TimerProvider.timedThunk(TimerProvider.scala:25)
	at scala.meta.internal.metals.MetalsLspService.$anonfun$codeLens$1(MetalsLspService.scala:1759)
	at scala.meta.internal.metals.CancelTokens$.$anonfun$apply$2(CancelTokens.scala:26)
	at scala.concurrent.Future$.$anonfun$apply$1(Future.scala:678)
	at scala.concurrent.impl.Promise$Transformation.run(Promise.scala:467)
	at java.util.concurrent.ThreadPoolExecutor.runWorker(ThreadPoolExecutor.java:1130)
	at java.util.concurrent.ThreadPoolExecutor$Worker.run(ThreadPoolExecutor.java:630)
	at java.lang.Thread.run(Thread.java:832)

2023.09.06 10:29:07 INFO  time: code lens generation in 1.32s
2023.09.06 10:29:08 ERROR text document: file:///C:/Users/hugo/Documents/TAA/tpjpa2023/Entity/Department.java
java.nio.file.InvalidPathException: Illegal char <:> at index 4: file:///C:/Users/hugo/Documents/TAA/tpjpa2023/Entity/Department.java
	at sun.nio.fs.WindowsPathParser.normalize(WindowsPathParser.java:182)
	at sun.nio.fs.WindowsPathParser.parse(WindowsPathParser.java:153)
	at sun.nio.fs.WindowsPathParser.parse(WindowsPathParser.java:77)
	at sun.nio.fs.WindowsPath.parse(WindowsPath.java:92)
	at sun.nio.fs.WindowsFileSystem.getPath(WindowsFileSystem.java:229)
	at java.nio.file.Path.resolve(Path.java:515)
	at scala.meta.io.AbsolutePath.resolve(AbsolutePath.scala:43)
	at scala.meta.internal.implementation.ImplementationProvider.$anonfun$computeInheritance$2(ImplementationProvider.scala:85)
	at scala.collection.immutable.Vector.foreach(Vector.scala:1895)
	at scala.meta.internal.implementation.ImplementationProvider.$anonfun$computeInheritance$1(ImplementationProvider.scala:79)
	at scala.meta.internal.implementation.ImplementationProvider.$anonfun$computeInheritance$1$adapted(ImplementationProvider.scala:78)
	at scala.collection.immutable.List.foreach(List.scala:333)
	at scala.meta.internal.implementation.ImplementationProvider.computeInheritance(ImplementationProvider.scala:78)
	at scala.meta.internal.implementation.ImplementationProvider.$anonfun$onChange$1(ImplementationProvider.scala:68)
	at java.util.concurrent.ConcurrentHashMap.compute(ConcurrentHashMap.java:1916)
	at scala.meta.internal.implementation.ImplementationProvider.onChange(ImplementationProvider.scala:68)
	at scala.meta.internal.metals.SemanticdbIndexer.$anonfun$onChange$1(SemanticdbIndexer.scala:81)
	at scala.meta.internal.metals.SemanticdbIndexer.$anonfun$onChange$1$adapted(SemanticdbIndexer.scala:81)
	at scala.collection.immutable.List.foreach(List.scala:333)
	at scala.meta.internal.metals.SemanticdbIndexer.onChange(SemanticdbIndexer.scala:81)
	at scala.meta.internal.metals.SemanticdbIndexer.onChange(SemanticdbIndexer.scala:77)
	at scala.meta.internal.metals.InteractiveSemanticdbs.$anonfun$textDocument$1(InteractiveSemanticdbs.scala:96)
	at java.util.HashMap.compute(HashMap.java:1320)
	at java.util.Collections$SynchronizedMap.compute(Collections.java:2732)
	at scala.meta.internal.metals.InteractiveSemanticdbs.textDocument(InteractiveSemanticdbs.scala:89)
	at scala.meta.internal.metals.InteractiveSemanticdbs.textDocument(InteractiveSemanticdbs.scala:63)
	at scala.meta.internal.metals.AggregateSemanticdbs.loop$1(AggregateSemanticdbs.scala:30)
	at scala.meta.internal.metals.AggregateSemanticdbs.textDocument(AggregateSemanticdbs.scala:36)
	at scala.meta.internal.metals.MetalsLspService.definitionOrReferences(MetalsLspService.scala:2648)
	at scala.meta.internal.metals.MetalsLspService.$anonfun$definition$1(MetalsLspService.scala:1507)
	at scala.meta.internal.metals.CancelTokens$.future(CancelTokens.scala:38)
	at scala.meta.internal.metals.MetalsLspService.definition(MetalsLspService.scala:1506)
	at scala.meta.metals.lsp.DelegatingScalaService.definition(DelegatingScalaService.scala:69)
	at jdk.internal.reflect.NativeMethodAccessorImpl.invoke0(Native Method)
	at jdk.internal.reflect.NativeMethodAccessorImpl.invoke(NativeMethodAccessorImpl.java:64)
	at jdk.internal.reflect.DelegatingMethodAccessorImpl.invoke(DelegatingMethodAccessorImpl.java:43)
	at java.lang.reflect.Method.invoke(Method.java:564)
	at org.eclipse.lsp4j.jsonrpc.services.GenericEndpoint.lambda$null$0(GenericEndpoint.java:65)
	at org.eclipse.lsp4j.jsonrpc.services.GenericEndpoint.request(GenericEndpoint.java:120)
	at org.eclipse.lsp4j.jsonrpc.RemoteEndpoint.handleRequest(RemoteEndpoint.java:261)
	at org.eclipse.lsp4j.jsonrpc.RemoteEndpoint.consume(RemoteEndpoint.java:190)
	at org.eclipse.lsp4j.jsonrpc.json.StreamMessageProducer.handleMessage(StreamMessageProducer.java:194)
	at org.eclipse.lsp4j.jsonrpc.json.StreamMessageProducer.listen(StreamMessageProducer.java:94)
	at org.eclipse.lsp4j.jsonrpc.json.ConcurrentMessageProcessor.run(ConcurrentMessageProcessor.java:113)
	at java.util.concurrent.Executors$RunnableAdapter.call(Executors.java:515)
	at java.util.concurrent.FutureTask.run(FutureTask.java:264)
	at java.util.concurrent.ThreadPoolExecutor.runWorker(ThreadPoolExecutor.java:1130)
	at java.util.concurrent.ThreadPoolExecutor$Worker.run(ThreadPoolExecutor.java:630)
	at java.lang.Thread.run(Thread.java:832)

2023.09.06 10:29:10 ERROR text document: file:///C:/Users/hugo/Documents/TAA/tpjpa2023/Entity/Department.java
java.nio.file.InvalidPathException: Illegal char <:> at index 4: file:///C:/Users/hugo/Documents/TAA/tpjpa2023/Entity/Department.java
	at sun.nio.fs.WindowsPathParser.normalize(WindowsPathParser.java:182)
	at sun.nio.fs.WindowsPathParser.parse(WindowsPathParser.java:153)
	at sun.nio.fs.WindowsPathParser.parse(WindowsPathParser.java:77)
	at sun.nio.fs.WindowsPath.parse(WindowsPath.java:92)
	at sun.nio.fs.WindowsFileSystem.getPath(WindowsFileSystem.java:229)
	at java.nio.file.Path.resolve(Path.java:515)
	at scala.meta.io.AbsolutePath.resolve(AbsolutePath.scala:43)
	at scala.meta.internal.implementation.ImplementationProvider.$anonfun$computeInheritance$2(ImplementationProvider.scala:85)
	at scala.collection.immutable.Vector.foreach(Vector.scala:1895)
	at scala.meta.internal.implementation.ImplementationProvider.$anonfun$computeInheritance$1(ImplementationProvider.scala:79)
	at scala.meta.internal.implementation.ImplementationProvider.$anonfun$computeInheritance$1$adapted(ImplementationProvider.scala:78)
	at scala.collection.immutable.List.foreach(List.scala:333)
	at scala.meta.internal.implementation.ImplementationProvider.computeInheritance(ImplementationProvider.scala:78)
	at scala.meta.internal.implementation.ImplementationProvider.$anonfun$onChange$1(ImplementationProvider.scala:68)
	at java.util.concurrent.ConcurrentHashMap.compute(ConcurrentHashMap.java:1916)
	at scala.meta.internal.implementation.ImplementationProvider.onChange(ImplementationProvider.scala:68)
	at scala.meta.internal.metals.SemanticdbIndexer.$anonfun$onChange$1(SemanticdbIndexer.scala:81)
	at scala.meta.internal.metals.SemanticdbIndexer.$anonfun$onChange$1$adapted(SemanticdbIndexer.scala:81)
	at scala.collection.immutable.List.foreach(List.scala:333)
	at scala.meta.internal.metals.SemanticdbIndexer.onChange(SemanticdbIndexer.scala:81)
	at scala.meta.internal.metals.SemanticdbIndexer.onChange(SemanticdbIndexer.scala:77)
	at scala.meta.internal.metals.InteractiveSemanticdbs.$anonfun$textDocument$1(InteractiveSemanticdbs.scala:96)
	at java.util.HashMap.compute(HashMap.java:1320)
	at java.util.Collections$SynchronizedMap.compute(Collections.java:2732)
	at scala.meta.internal.metals.InteractiveSemanticdbs.textDocument(InteractiveSemanticdbs.scala:89)
	at scala.meta.internal.metals.InteractiveSemanticdbs.textDocument(InteractiveSemanticdbs.scala:63)
	at scala.meta.internal.metals.AggregateSemanticdbs.loop$1(AggregateSemanticdbs.scala:30)
	at scala.meta.internal.metals.AggregateSemanticdbs.textDocument(AggregateSemanticdbs.scala:36)
	at scala.meta.internal.metals.DefinitionProvider.definition(DefinitionProvider.scala:89)
	at scala.meta.internal.metals.MetalsLspService.$anonfun$definitionResult$1(MetalsLspService.scala:2711)
	at scala.meta.internal.metals.TimerProvider.timedThunk(TimerProvider.scala:25)
	at scala.meta.internal.metals.MetalsLspService.definitionResult(MetalsLspService.scala:2711)
	at scala.meta.internal.metals.MetalsLspService.definitionOrReferences(MetalsLspService.scala:2687)
	at scala.meta.internal.metals.MetalsLspService.$anonfun$definition$1(MetalsLspService.scala:1507)
	at scala.meta.internal.metals.CancelTokens$.future(CancelTokens.scala:38)
	at scala.meta.internal.metals.MetalsLspService.definition(MetalsLspService.scala:1506)
	at scala.meta.metals.lsp.DelegatingScalaService.definition(DelegatingScalaService.scala:69)
	at jdk.internal.reflect.NativeMethodAccessorImpl.invoke0(Native Method)
	at jdk.internal.reflect.NativeMethodAccessorImpl.invoke(NativeMethodAccessorImpl.java:64)
	at jdk.internal.reflect.DelegatingMethodAccessorImpl.invoke(DelegatingMethodAccessorImpl.java:43)
	at java.lang.reflect.Method.invoke(Method.java:564)
	at org.eclipse.lsp4j.jsonrpc.services.GenericEndpoint.lambda$null$0(GenericEndpoint.java:65)
	at org.eclipse.lsp4j.jsonrpc.services.GenericEndpoint.request(GenericEndpoint.java:120)
	at org.eclipse.lsp4j.jsonrpc.RemoteEndpoint.handleRequest(RemoteEndpoint.java:261)
	at org.eclipse.lsp4j.jsonrpc.RemoteEndpoint.consume(RemoteEndpoint.java:190)
	at org.eclipse.lsp4j.jsonrpc.json.StreamMessageProducer.handleMessage(StreamMessageProducer.java:194)
	at org.eclipse.lsp4j.jsonrpc.json.StreamMessageProducer.listen(StreamMessageProducer.java:94)
	at org.eclipse.lsp4j.jsonrpc.json.ConcurrentMessageProcessor.run(ConcurrentMessageProcessor.java:113)
	at java.util.concurrent.Executors$RunnableAdapter.call(Executors.java:515)
	at java.util.concurrent.FutureTask.run(FutureTask.java:264)
	at java.util.concurrent.ThreadPoolExecutor.runWorker(ThreadPoolExecutor.java:1130)
	at java.util.concurrent.ThreadPoolExecutor$Worker.run(ThreadPoolExecutor.java:630)
	at java.lang.Thread.run(Thread.java:832)

2023.09.06 10:29:10 WARN  code navigation does not work for the file 'C:\Users\hugo\Documents\TAA\tpjpa2023\Entity\Department.java' because it doesn't belong to a build target.
2023.09.06 10:29:11 ERROR text document: file:///C:/Users/hugo/Documents/TAA/tpjpa2023/Entity/Department.java
java.nio.file.InvalidPathException: Illegal char <:> at index 4: file:///C:/Users/hugo/Documents/TAA/tpjpa2023/Entity/Department.java
	at sun.nio.fs.WindowsPathParser.normalize(WindowsPathParser.java:182)
	at sun.nio.fs.WindowsPathParser.parse(WindowsPathParser.java:153)
	at sun.nio.fs.WindowsPathParser.parse(WindowsPathParser.java:77)
	at sun.nio.fs.WindowsPath.parse(WindowsPath.java:92)
	at sun.nio.fs.WindowsFileSystem.getPath(WindowsFileSystem.java:229)
	at java.nio.file.Path.resolve(Path.java:515)
	at scala.meta.io.AbsolutePath.resolve(AbsolutePath.scala:43)
	at scala.meta.internal.implementation.ImplementationProvider.$anonfun$computeInheritance$2(ImplementationProvider.scala:85)
	at scala.collection.immutable.Vector.foreach(Vector.scala:1895)
	at scala.meta.internal.implementation.ImplementationProvider.$anonfun$computeInheritance$1(ImplementationProvider.scala:79)
	at scala.meta.internal.implementation.ImplementationProvider.$anonfun$computeInheritance$1$adapted(ImplementationProvider.scala:78)
	at scala.collection.immutable.List.foreach(List.scala:333)
	at scala.meta.internal.implementation.ImplementationProvider.computeInheritance(ImplementationProvider.scala:78)
	at scala.meta.internal.implementation.ImplementationProvider.$anonfun$onChange$1(ImplementationProvider.scala:68)
	at java.util.concurrent.ConcurrentHashMap.compute(ConcurrentHashMap.java:1916)
	at scala.meta.internal.implementation.ImplementationProvider.onChange(ImplementationProvider.scala:68)
	at scala.meta.internal.metals.SemanticdbIndexer.$anonfun$onChange$1(SemanticdbIndexer.scala:81)
	at scala.meta.internal.metals.SemanticdbIndexer.$anonfun$onChange$1$adapted(SemanticdbIndexer.scala:81)
	at scala.collection.immutable.List.foreach(List.scala:333)
	at scala.meta.internal.metals.SemanticdbIndexer.onChange(SemanticdbIndexer.scala:81)
	at scala.meta.internal.metals.SemanticdbIndexer.onChange(SemanticdbIndexer.scala:77)
	at scala.meta.internal.metals.InteractiveSemanticdbs.$anonfun$textDocument$1(InteractiveSemanticdbs.scala:96)
	at java.util.HashMap.compute(HashMap.java:1320)
	at java.util.Collections$SynchronizedMap.compute(Collections.java:2732)
	at scala.meta.internal.metals.InteractiveSemanticdbs.textDocument(InteractiveSemanticdbs.scala:89)
	at scala.meta.internal.metals.InteractiveSemanticdbs.textDocument(InteractiveSemanticdbs.scala:63)
	at scala.meta.internal.metals.AggregateSemanticdbs.loop$1(AggregateSemanticdbs.scala:30)
	at scala.meta.internal.metals.AggregateSemanticdbs.textDocument(AggregateSemanticdbs.scala:36)
	at scala.meta.internal.metals.MetalsLspService.definitionOrReferences(MetalsLspService.scala:2648)
	at scala.meta.internal.metals.MetalsLspService.$anonfun$definition$1(MetalsLspService.scala:1507)
	at scala.meta.internal.metals.CancelTokens$.future(CancelTokens.scala:38)
	at scala.meta.internal.metals.MetalsLspService.definition(MetalsLspService.scala:1506)
	at scala.meta.metals.lsp.DelegatingScalaService.definition(DelegatingScalaService.scala:69)
	at jdk.internal.reflect.NativeMethodAccessorImpl.invoke0(Native Method)
	at jdk.internal.reflect.NativeMethodAccessorImpl.invoke(NativeMethodAccessorImpl.java:64)
	at jdk.internal.reflect.DelegatingMethodAccessorImpl.invoke(DelegatingMethodAccessorImpl.java:43)
	at java.lang.reflect.Method.invoke(Method.java:564)
	at org.eclipse.lsp4j.jsonrpc.services.GenericEndpoint.lambda$null$0(GenericEndpoint.java:65)
	at org.eclipse.lsp4j.jsonrpc.services.GenericEndpoint.request(GenericEndpoint.java:120)
	at org.eclipse.lsp4j.jsonrpc.RemoteEndpoint.handleRequest(RemoteEndpoint.java:261)
	at org.eclipse.lsp4j.jsonrpc.RemoteEndpoint.consume(RemoteEndpoint.java:190)
	at org.eclipse.lsp4j.jsonrpc.json.StreamMessageProducer.handleMessage(StreamMessageProducer.java:194)
	at org.eclipse.lsp4j.jsonrpc.json.StreamMessageProducer.listen(StreamMessageProducer.java:94)
	at org.eclipse.lsp4j.jsonrpc.json.ConcurrentMessageProcessor.run(ConcurrentMessageProcessor.java:113)
	at java.util.concurrent.Executors$RunnableAdapter.call(Executors.java:515)
	at java.util.concurrent.FutureTask.run(FutureTask.java:264)
	at java.util.concurrent.ThreadPoolExecutor.runWorker(ThreadPoolExecutor.java:1130)
	at java.util.concurrent.ThreadPoolExecutor$Worker.run(ThreadPoolExecutor.java:630)
	at java.lang.Thread.run(Thread.java:832)

2023.09.06 10:29:12 ERROR text document: file:///C:/Users/hugo/Documents/TAA/tpjpa2023/Entity/Department.java
java.nio.file.InvalidPathException: Illegal char <:> at index 4: file:///C:/Users/hugo/Documents/TAA/tpjpa2023/Entity/Department.java
	at sun.nio.fs.WindowsPathParser.normalize(WindowsPathParser.java:182)
	at sun.nio.fs.WindowsPathParser.parse(WindowsPathParser.java:153)
	at sun.nio.fs.WindowsPathParser.parse(WindowsPathParser.java:77)
	at sun.nio.fs.WindowsPath.parse(WindowsPath.java:92)
	at sun.nio.fs.WindowsFileSystem.getPath(WindowsFileSystem.java:229)
	at java.nio.file.Path.resolve(Path.java:515)
	at scala.meta.io.AbsolutePath.resolve(AbsolutePath.scala:43)
	at scala.meta.internal.implementation.ImplementationProvider.$anonfun$computeInheritance$2(ImplementationProvider.scala:85)
	at scala.collection.immutable.Vector.foreach(Vector.scala:1895)
	at scala.meta.internal.implementation.ImplementationProvider.$anonfun$computeInheritance$1(ImplementationProvider.scala:79)
	at scala.meta.internal.implementation.ImplementationProvider.$anonfun$computeInheritance$1$adapted(ImplementationProvider.scala:78)
	at scala.collection.immutable.List.foreach(List.scala:333)
	at scala.meta.internal.implementation.ImplementationProvider.computeInheritance(ImplementationProvider.scala:78)
	at scala.meta.internal.implementation.ImplementationProvider.$anonfun$onChange$1(ImplementationProvider.scala:68)
	at java.util.concurrent.ConcurrentHashMap.compute(ConcurrentHashMap.java:1916)
	at scala.meta.internal.implementation.ImplementationProvider.onChange(ImplementationProvider.scala:68)
	at scala.meta.internal.metals.SemanticdbIndexer.$anonfun$onChange$1(SemanticdbIndexer.scala:81)
	at scala.meta.internal.metals.SemanticdbIndexer.$anonfun$onChange$1$adapted(SemanticdbIndexer.scala:81)
	at scala.collection.immutable.List.foreach(List.scala:333)
	at scala.meta.internal.metals.SemanticdbIndexer.onChange(SemanticdbIndexer.scala:81)
	at scala.meta.internal.metals.SemanticdbIndexer.onChange(SemanticdbIndexer.scala:77)
	at scala.meta.internal.metals.InteractiveSemanticdbs.$anonfun$textDocument$1(InteractiveSemanticdbs.scala:96)
	at java.util.HashMap.compute(HashMap.java:1320)
	at java.util.Collections$SynchronizedMap.compute(Collections.java:2732)
	at scala.meta.internal.metals.InteractiveSemanticdbs.textDocument(InteractiveSemanticdbs.scala:89)
	at scala.meta.internal.metals.InteractiveSemanticdbs.textDocument(InteractiveSemanticdbs.scala:63)
	at scala.meta.internal.metals.AggregateSemanticdbs.loop$1(AggregateSemanticdbs.scala:30)
	at scala.meta.internal.metals.AggregateSemanticdbs.textDocument(AggregateSemanticdbs.scala:36)
	at scala.meta.internal.metals.DefinitionProvider.definition(DefinitionProvider.scala:89)
	at scala.meta.internal.metals.MetalsLspService.$anonfun$definitionResult$1(MetalsLspService.scala:2711)
	at scala.meta.internal.metals.TimerProvider.timedThunk(TimerProvider.scala:25)
	at scala.meta.internal.metals.MetalsLspService.definitionResult(MetalsLspService.scala:2711)
	at scala.meta.internal.metals.MetalsLspService.definitionOrReferences(MetalsLspService.scala:2687)
	at scala.meta.internal.metals.MetalsLspService.$anonfun$definition$1(MetalsLspService.scala:1507)
	at scala.meta.internal.metals.CancelTokens$.future(CancelTokens.scala:38)
	at scala.meta.internal.metals.MetalsLspService.definition(MetalsLspService.scala:1506)
	at scala.meta.metals.lsp.DelegatingScalaService.definition(DelegatingScalaService.scala:69)
	at jdk.internal.reflect.NativeMethodAccessorImpl.invoke0(Native Method)
	at jdk.internal.reflect.NativeMethodAccessorImpl.invoke(NativeMethodAccessorImpl.java:64)
	at jdk.internal.reflect.DelegatingMethodAccessorImpl.invoke(DelegatingMethodAccessorImpl.java:43)
	at java.lang.reflect.Method.invoke(Method.java:564)
	at org.eclipse.lsp4j.jsonrpc.services.GenericEndpoint.lambda$null$0(GenericEndpoint.java:65)
	at org.eclipse.lsp4j.jsonrpc.services.GenericEndpoint.request(GenericEndpoint.java:120)
	at org.eclipse.lsp4j.jsonrpc.RemoteEndpoint.handleRequest(RemoteEndpoint.java:261)
	at org.eclipse.lsp4j.jsonrpc.RemoteEndpoint.consume(RemoteEndpoint.java:190)
	at org.eclipse.lsp4j.jsonrpc.json.StreamMessageProducer.handleMessage(StreamMessageProducer.java:194)
	at org.eclipse.lsp4j.jsonrpc.json.StreamMessageProducer.listen(StreamMessageProducer.java:94)
	at org.eclipse.lsp4j.jsonrpc.json.ConcurrentMessageProcessor.run(ConcurrentMessageProcessor.java:113)
	at java.util.concurrent.Executors$RunnableAdapter.call(Executors.java:515)
	at java.util.concurrent.FutureTask.run(FutureTask.java:264)
	at java.util.concurrent.ThreadPoolExecutor.runWorker(ThreadPoolExecutor.java:1130)
	at java.util.concurrent.ThreadPoolExecutor$Worker.run(ThreadPoolExecutor.java:630)
	at java.lang.Thread.run(Thread.java:832)

2023.09.06 10:29:12 WARN  code navigation does not work for the file 'C:\Users\hugo\Documents\TAA\tpjpa2023\Entity\Department.java' because it doesn't belong to a build target.
2023.09.06 10:29:13 ERROR text document: file:///C:/Users/hugo/Documents/TAA/tpjpa2023/Entity/Department.java
java.nio.file.InvalidPathException: Illegal char <:> at index 4: file:///C:/Users/hugo/Documents/TAA/tpjpa2023/Entity/Department.java
	at sun.nio.fs.WindowsPathParser.normalize(WindowsPathParser.java:182)
	at sun.nio.fs.WindowsPathParser.parse(WindowsPathParser.java:153)
	at sun.nio.fs.WindowsPathParser.parse(WindowsPathParser.java:77)
	at sun.nio.fs.WindowsPath.parse(WindowsPath.java:92)
	at sun.nio.fs.WindowsFileSystem.getPath(WindowsFileSystem.java:229)
	at java.nio.file.Path.resolve(Path.java:515)
	at scala.meta.io.AbsolutePath.resolve(AbsolutePath.scala:43)
	at scala.meta.internal.implementation.ImplementationProvider.$anonfun$computeInheritance$2(ImplementationProvider.scala:85)
	at scala.collection.immutable.Vector.foreach(Vector.scala:1895)
	at scala.meta.internal.implementation.ImplementationProvider.$anonfun$computeInheritance$1(ImplementationProvider.scala:79)
	at scala.meta.internal.implementation.ImplementationProvider.$anonfun$computeInheritance$1$adapted(ImplementationProvider.scala:78)
	at scala.collection.immutable.List.foreach(List.scala:333)
	at scala.meta.internal.implementation.ImplementationProvider.computeInheritance(ImplementationProvider.scala:78)
	at scala.meta.internal.implementation.ImplementationProvider.$anonfun$onChange$1(ImplementationProvider.scala:68)
	at java.util.concurrent.ConcurrentHashMap.compute(ConcurrentHashMap.java:1916)
	at scala.meta.internal.implementation.ImplementationProvider.onChange(ImplementationProvider.scala:68)
	at scala.meta.internal.metals.SemanticdbIndexer.$anonfun$onChange$1(SemanticdbIndexer.scala:81)
	at scala.meta.internal.metals.SemanticdbIndexer.$anonfun$onChange$1$adapted(SemanticdbIndexer.scala:81)
	at scala.collection.immutable.List.foreach(List.scala:333)
	at scala.meta.internal.metals.SemanticdbIndexer.onChange(SemanticdbIndexer.scala:81)
	at scala.meta.internal.metals.SemanticdbIndexer.onChange(SemanticdbIndexer.scala:77)
	at scala.meta.internal.metals.InteractiveSemanticdbs.$anonfun$textDocument$1(InteractiveSemanticdbs.scala:96)
	at java.util.HashMap.compute(HashMap.java:1320)
	at java.util.Collections$SynchronizedMap.compute(Collections.java:2732)
	at scala.meta.internal.metals.InteractiveSemanticdbs.textDocument(InteractiveSemanticdbs.scala:89)
	at scala.meta.internal.metals.InteractiveSemanticdbs.textDocument(InteractiveSemanticdbs.scala:63)
	at scala.meta.internal.metals.AggregateSemanticdbs.loop$1(AggregateSemanticdbs.scala:30)
	at scala.meta.internal.metals.AggregateSemanticdbs.textDocument(AggregateSemanticdbs.scala:36)
	at scala.meta.internal.metals.MetalsLspService.definitionOrReferences(MetalsLspService.scala:2648)
	at scala.meta.internal.metals.MetalsLspService.$anonfun$definition$1(MetalsLspService.scala:1507)
	at scala.meta.internal.metals.CancelTokens$.future(CancelTokens.scala:38)
	at scala.meta.internal.metals.MetalsLspService.definition(MetalsLspService.scala:1506)
	at scala.meta.metals.lsp.DelegatingScalaService.definition(DelegatingScalaService.scala:69)
	at jdk.internal.reflect.NativeMethodAccessorImpl.invoke0(Native Method)
	at jdk.internal.reflect.NativeMethodAccessorImpl.invoke(NativeMethodAccessorImpl.java:64)
	at jdk.internal.reflect.DelegatingMethodAccessorImpl.invoke(DelegatingMethodAccessorImpl.java:43)
	at java.lang.reflect.Method.invoke(Method.java:564)
	at org.eclipse.lsp4j.jsonrpc.services.GenericEndpoint.lambda$null$0(GenericEndpoint.java:65)
	at org.eclipse.lsp4j.jsonrpc.services.GenericEndpoint.request(GenericEndpoint.java:120)
	at org.eclipse.lsp4j.jsonrpc.RemoteEndpoint.handleRequest(RemoteEndpoint.java:261)
	at org.eclipse.lsp4j.jsonrpc.RemoteEndpoint.consume(RemoteEndpoint.java:190)
	at org.eclipse.lsp4j.jsonrpc.json.StreamMessageProducer.handleMessage(StreamMessageProducer.java:194)
	at org.eclipse.lsp4j.jsonrpc.json.StreamMessageProducer.listen(StreamMessageProducer.java:94)
	at org.eclipse.lsp4j.jsonrpc.json.ConcurrentMessageProcessor.run(ConcurrentMessageProcessor.java:113)
	at java.util.concurrent.Executors$RunnableAdapter.call(Executors.java:515)
	at java.util.concurrent.FutureTask.run(FutureTask.java:264)
	at java.util.concurrent.ThreadPoolExecutor.runWorker(ThreadPoolExecutor.java:1130)
	at java.util.concurrent.ThreadPoolExecutor$Worker.run(ThreadPoolExecutor.java:630)
	at java.lang.Thread.run(Thread.java:832)

2023.09.06 10:29:14 ERROR text document: file:///C:/Users/hugo/Documents/TAA/tpjpa2023/Entity/Department.java
java.nio.file.InvalidPathException: Illegal char <:> at index 4: file:///C:/Users/hugo/Documents/TAA/tpjpa2023/Entity/Department.java
	at sun.nio.fs.WindowsPathParser.normalize(WindowsPathParser.java:182)
	at sun.nio.fs.WindowsPathParser.parse(WindowsPathParser.java:153)
	at sun.nio.fs.WindowsPathParser.parse(WindowsPathParser.java:77)
	at sun.nio.fs.WindowsPath.parse(WindowsPath.java:92)
	at sun.nio.fs.WindowsFileSystem.getPath(WindowsFileSystem.java:229)
	at java.nio.file.Path.resolve(Path.java:515)
	at scala.meta.io.AbsolutePath.resolve(AbsolutePath.scala:43)
	at scala.meta.internal.implementation.ImplementationProvider.$anonfun$computeInheritance$2(ImplementationProvider.scala:85)
	at scala.collection.immutable.Vector.foreach(Vector.scala:1895)
	at scala.meta.internal.implementation.ImplementationProvider.$anonfun$computeInheritance$1(ImplementationProvider.scala:79)
	at scala.meta.internal.implementation.ImplementationProvider.$anonfun$computeInheritance$1$adapted(ImplementationProvider.scala:78)
	at scala.collection.immutable.List.foreach(List.scala:333)
	at scala.meta.internal.implementation.ImplementationProvider.computeInheritance(ImplementationProvider.scala:78)
	at scala.meta.internal.implementation.ImplementationProvider.$anonfun$onChange$1(ImplementationProvider.scala:68)
	at java.util.concurrent.ConcurrentHashMap.compute(ConcurrentHashMap.java:1916)
	at scala.meta.internal.implementation.ImplementationProvider.onChange(ImplementationProvider.scala:68)
	at scala.meta.internal.metals.SemanticdbIndexer.$anonfun$onChange$1(SemanticdbIndexer.scala:81)
	at scala.meta.internal.metals.SemanticdbIndexer.$anonfun$onChange$1$adapted(SemanticdbIndexer.scala:81)
	at scala.collection.immutable.List.foreach(List.scala:333)
	at scala.meta.internal.metals.SemanticdbIndexer.onChange(SemanticdbIndexer.scala:81)
	at scala.meta.internal.metals.SemanticdbIndexer.onChange(SemanticdbIndexer.scala:77)
	at scala.meta.internal.metals.InteractiveSemanticdbs.$anonfun$textDocument$1(InteractiveSemanticdbs.scala:96)
	at java.util.HashMap.compute(HashMap.java:1320)
	at java.util.Collections$SynchronizedMap.compute(Collections.java:2732)
	at scala.meta.internal.metals.InteractiveSemanticdbs.textDocument(InteractiveSemanticdbs.scala:89)
	at scala.meta.internal.metals.InteractiveSemanticdbs.textDocument(InteractiveSemanticdbs.scala:63)
	at scala.meta.internal.metals.AggregateSemanticdbs.loop$1(AggregateSemanticdbs.scala:30)
	at scala.meta.internal.metals.AggregateSemanticdbs.textDocument(AggregateSemanticdbs.scala:36)
	at scala.meta.internal.metals.DefinitionProvider.definition(DefinitionProvider.scala:89)
	at scala.meta.internal.metals.MetalsLspService.$anonfun$definitionResult$1(MetalsLspService.scala:2711)
	at scala.meta.internal.metals.TimerProvider.timedThunk(TimerProvider.scala:25)
	at scala.meta.internal.metals.MetalsLspService.definitionResult(MetalsLspService.scala:2711)
	at scala.meta.internal.metals.MetalsLspService.definitionOrReferences(MetalsLspService.scala:2687)
	at scala.meta.internal.metals.MetalsLspService.$anonfun$definition$1(MetalsLspService.scala:1507)
	at scala.meta.internal.metals.CancelTokens$.future(CancelTokens.scala:38)
	at scala.meta.internal.metals.MetalsLspService.definition(MetalsLspService.scala:1506)
	at scala.meta.metals.lsp.DelegatingScalaService.definition(DelegatingScalaService.scala:69)
	at jdk.internal.reflect.NativeMethodAccessorImpl.invoke0(Native Method)
	at jdk.internal.reflect.NativeMethodAccessorImpl.invoke(NativeMethodAccessorImpl.java:64)
	at jdk.internal.reflect.DelegatingMethodAccessorImpl.invoke(DelegatingMethodAccessorImpl.java:43)
	at java.lang.reflect.Method.invoke(Method.java:564)
	at org.eclipse.lsp4j.jsonrpc.services.GenericEndpoint.lambda$null$0(GenericEndpoint.java:65)
	at org.eclipse.lsp4j.jsonrpc.services.GenericEndpoint.request(GenericEndpoint.java:120)
	at org.eclipse.lsp4j.jsonrpc.RemoteEndpoint.handleRequest(RemoteEndpoint.java:261)
	at org.eclipse.lsp4j.jsonrpc.RemoteEndpoint.consume(RemoteEndpoint.java:190)
	at org.eclipse.lsp4j.jsonrpc.json.StreamMessageProducer.handleMessage(StreamMessageProducer.java:194)
	at org.eclipse.lsp4j.jsonrpc.json.StreamMessageProducer.listen(StreamMessageProducer.java:94)
	at org.eclipse.lsp4j.jsonrpc.json.ConcurrentMessageProcessor.run(ConcurrentMessageProcessor.java:113)
	at java.util.concurrent.Executors$RunnableAdapter.call(Executors.java:515)
	at java.util.concurrent.FutureTask.run(FutureTask.java:264)
	at java.util.concurrent.ThreadPoolExecutor.runWorker(ThreadPoolExecutor.java:1130)
	at java.util.concurrent.ThreadPoolExecutor$Worker.run(ThreadPoolExecutor.java:630)
	at java.lang.Thread.run(Thread.java:832)

2023.09.06 10:29:14 WARN  code navigation does not work for the file 'C:\Users\hugo\Documents\TAA\tpjpa2023\Entity\Department.java' because it doesn't belong to a build target.
2023.09.06 10:29:15 ERROR text document: file:///C:/Users/hugo/Documents/TAA/tpjpa2023/Entity/Department.java
java.nio.file.InvalidPathException: Illegal char <:> at index 4: file:///C:/Users/hugo/Documents/TAA/tpjpa2023/Entity/Department.java
	at sun.nio.fs.WindowsPathParser.normalize(WindowsPathParser.java:182)
	at sun.nio.fs.WindowsPathParser.parse(WindowsPathParser.java:153)
	at sun.nio.fs.WindowsPathParser.parse(WindowsPathParser.java:77)
	at sun.nio.fs.WindowsPath.parse(WindowsPath.java:92)
	at sun.nio.fs.WindowsFileSystem.getPath(WindowsFileSystem.java:229)
	at java.nio.file.Path.resolve(Path.java:515)
	at scala.meta.io.AbsolutePath.resolve(AbsolutePath.scala:43)
	at scala.meta.internal.implementation.ImplementationProvider.$anonfun$computeInheritance$2(ImplementationProvider.scala:85)
	at scala.collection.immutable.Vector.foreach(Vector.scala:1895)
	at scala.meta.internal.implementation.ImplementationProvider.$anonfun$computeInheritance$1(ImplementationProvider.scala:79)
	at scala.meta.internal.implementation.ImplementationProvider.$anonfun$computeInheritance$1$adapted(ImplementationProvider.scala:78)
	at scala.collection.immutable.List.foreach(List.scala:333)
	at scala.meta.internal.implementation.ImplementationProvider.computeInheritance(ImplementationProvider.scala:78)
	at scala.meta.internal.implementation.ImplementationProvider.$anonfun$onChange$1(ImplementationProvider.scala:68)
	at java.util.concurrent.ConcurrentHashMap.compute(ConcurrentHashMap.java:1916)
	at scala.meta.internal.implementation.ImplementationProvider.onChange(ImplementationProvider.scala:68)
	at scala.meta.internal.metals.SemanticdbIndexer.$anonfun$onChange$1(SemanticdbIndexer.scala:81)
	at scala.meta.internal.metals.SemanticdbIndexer.$anonfun$onChange$1$adapted(SemanticdbIndexer.scala:81)
	at scala.collection.immutable.List.foreach(List.scala:333)
	at scala.meta.internal.metals.SemanticdbIndexer.onChange(SemanticdbIndexer.scala:81)
	at scala.meta.internal.metals.SemanticdbIndexer.onChange(SemanticdbIndexer.scala:77)
	at scala.meta.internal.metals.InteractiveSemanticdbs.$anonfun$textDocument$1(InteractiveSemanticdbs.scala:96)
	at java.util.HashMap.compute(HashMap.java:1320)
	at java.util.Collections$SynchronizedMap.compute(Collections.java:2732)
	at scala.meta.internal.metals.InteractiveSemanticdbs.textDocument(InteractiveSemanticdbs.scala:89)
	at scala.meta.internal.metals.InteractiveSemanticdbs.textDocument(InteractiveSemanticdbs.scala:63)
	at scala.meta.internal.metals.AggregateSemanticdbs.loop$1(AggregateSemanticdbs.scala:30)
	at scala.meta.internal.metals.AggregateSemanticdbs.textDocument(AggregateSemanticdbs.scala:36)
	at scala.meta.internal.metals.MetalsLspService.definitionOrReferences(MetalsLspService.scala:2648)
	at scala.meta.internal.metals.MetalsLspService.$anonfun$definition$1(MetalsLspService.scala:1507)
	at scala.meta.internal.metals.CancelTokens$.future(CancelTokens.scala:38)
	at scala.meta.internal.metals.MetalsLspService.definition(MetalsLspService.scala:1506)
	at scala.meta.metals.lsp.DelegatingScalaService.definition(DelegatingScalaService.scala:69)
	at jdk.internal.reflect.NativeMethodAccessorImpl.invoke0(Native Method)
	at jdk.internal.reflect.NativeMethodAccessorImpl.invoke(NativeMethodAccessorImpl.java:64)
	at jdk.internal.reflect.DelegatingMethodAccessorImpl.invoke(DelegatingMethodAccessorImpl.java:43)
	at java.lang.reflect.Method.invoke(Method.java:564)
	at org.eclipse.lsp4j.jsonrpc.services.GenericEndpoint.lambda$null$0(GenericEndpoint.java:65)
	at org.eclipse.lsp4j.jsonrpc.services.GenericEndpoint.request(GenericEndpoint.java:120)
	at org.eclipse.lsp4j.jsonrpc.RemoteEndpoint.handleRequest(RemoteEndpoint.java:261)
	at org.eclipse.lsp4j.jsonrpc.RemoteEndpoint.consume(RemoteEndpoint.java:190)
	at org.eclipse.lsp4j.jsonrpc.json.StreamMessageProducer.handleMessage(StreamMessageProducer.java:194)
	at org.eclipse.lsp4j.jsonrpc.json.StreamMessageProducer.listen(StreamMessageProducer.java:94)
	at org.eclipse.lsp4j.jsonrpc.json.ConcurrentMessageProcessor.run(ConcurrentMessageProcessor.java:113)
	at java.util.concurrent.Executors$RunnableAdapter.call(Executors.java:515)
	at java.util.concurrent.FutureTask.run(FutureTask.java:264)
	at java.util.concurrent.ThreadPoolExecutor.runWorker(ThreadPoolExecutor.java:1130)
	at java.util.concurrent.ThreadPoolExecutor$Worker.run(ThreadPoolExecutor.java:630)
	at java.lang.Thread.run(Thread.java:832)

2023.09.06 10:29:16 ERROR text document: file:///C:/Users/hugo/Documents/TAA/tpjpa2023/Entity/Department.java
java.nio.file.InvalidPathException: Illegal char <:> at index 4: file:///C:/Users/hugo/Documents/TAA/tpjpa2023/Entity/Department.java
	at sun.nio.fs.WindowsPathParser.normalize(WindowsPathParser.java:182)
	at sun.nio.fs.WindowsPathParser.parse(WindowsPathParser.java:153)
	at sun.nio.fs.WindowsPathParser.parse(WindowsPathParser.java:77)
	at sun.nio.fs.WindowsPath.parse(WindowsPath.java:92)
	at sun.nio.fs.WindowsFileSystem.getPath(WindowsFileSystem.java:229)
	at java.nio.file.Path.resolve(Path.java:515)
	at scala.meta.io.AbsolutePath.resolve(AbsolutePath.scala:43)
	at scala.meta.internal.implementation.ImplementationProvider.$anonfun$computeInheritance$2(ImplementationProvider.scala:85)
	at scala.collection.immutable.Vector.foreach(Vector.scala:1895)
	at scala.meta.internal.implementation.ImplementationProvider.$anonfun$computeInheritance$1(ImplementationProvider.scala:79)
	at scala.meta.internal.implementation.ImplementationProvider.$anonfun$computeInheritance$1$adapted(ImplementationProvider.scala:78)
	at scala.collection.immutable.List.foreach(List.scala:333)
	at scala.meta.internal.implementation.ImplementationProvider.computeInheritance(ImplementationProvider.scala:78)
	at scala.meta.internal.implementation.ImplementationProvider.$anonfun$onChange$1(ImplementationProvider.scala:68)
	at java.util.concurrent.ConcurrentHashMap.compute(ConcurrentHashMap.java:1916)
	at scala.meta.internal.implementation.ImplementationProvider.onChange(ImplementationProvider.scala:68)
	at scala.meta.internal.metals.SemanticdbIndexer.$anonfun$onChange$1(SemanticdbIndexer.scala:81)
	at scala.meta.internal.metals.SemanticdbIndexer.$anonfun$onChange$1$adapted(SemanticdbIndexer.scala:81)
	at scala.collection.immutable.List.foreach(List.scala:333)
	at scala.meta.internal.metals.SemanticdbIndexer.onChange(SemanticdbIndexer.scala:81)
	at scala.meta.internal.metals.SemanticdbIndexer.onChange(SemanticdbIndexer.scala:77)
	at scala.meta.internal.metals.InteractiveSemanticdbs.$anonfun$textDocument$1(InteractiveSemanticdbs.scala:96)
	at java.util.HashMap.compute(HashMap.java:1320)
	at java.util.Collections$SynchronizedMap.compute(Collections.java:2732)
	at scala.meta.internal.metals.InteractiveSemanticdbs.textDocument(InteractiveSemanticdbs.scala:89)
	at scala.meta.internal.metals.InteractiveSemanticdbs.textDocument(InteractiveSemanticdbs.scala:63)
	at scala.meta.internal.metals.AggregateSemanticdbs.loop$1(AggregateSemanticdbs.scala:30)
	at scala.meta.internal.metals.AggregateSemanticdbs.textDocument(AggregateSemanticdbs.scala:36)
	at scala.meta.internal.metals.DefinitionProvider.definition(DefinitionProvider.scala:89)
	at scala.meta.internal.metals.MetalsLspService.$anonfun$definitionResult$1(MetalsLspService.scala:2711)
	at scala.meta.internal.metals.TimerProvider.timedThunk(TimerProvider.scala:25)
	at scala.meta.internal.metals.MetalsLspService.definitionResult(MetalsLspService.scala:2711)
	at scala.meta.internal.metals.MetalsLspService.definitionOrReferences(MetalsLspService.scala:2687)
	at scala.meta.internal.metals.MetalsLspService.$anonfun$definition$1(MetalsLspService.scala:1507)
	at scala.meta.internal.metals.CancelTokens$.future(CancelTokens.scala:38)
	at scala.meta.internal.metals.MetalsLspService.definition(MetalsLspService.scala:1506)
	at scala.meta.metals.lsp.DelegatingScalaService.definition(DelegatingScalaService.scala:69)
	at jdk.internal.reflect.NativeMethodAccessorImpl.invoke0(Native Method)
	at jdk.internal.reflect.NativeMethodAccessorImpl.invoke(NativeMethodAccessorImpl.java:64)
	at jdk.internal.reflect.DelegatingMethodAccessorImpl.invoke(DelegatingMethodAccessorImpl.java:43)
	at java.lang.reflect.Method.invoke(Method.java:564)
	at org.eclipse.lsp4j.jsonrpc.services.GenericEndpoint.lambda$null$0(GenericEndpoint.java:65)
	at org.eclipse.lsp4j.jsonrpc.services.GenericEndpoint.request(GenericEndpoint.java:120)
	at org.eclipse.lsp4j.jsonrpc.RemoteEndpoint.handleRequest(RemoteEndpoint.java:261)
	at org.eclipse.lsp4j.jsonrpc.RemoteEndpoint.consume(RemoteEndpoint.java:190)
	at org.eclipse.lsp4j.jsonrpc.json.StreamMessageProducer.handleMessage(StreamMessageProducer.java:194)
	at org.eclipse.lsp4j.jsonrpc.json.StreamMessageProducer.listen(StreamMessageProducer.java:94)
	at org.eclipse.lsp4j.jsonrpc.json.ConcurrentMessageProcessor.run(ConcurrentMessageProcessor.java:113)
	at java.util.concurrent.Executors$RunnableAdapter.call(Executors.java:515)
	at java.util.concurrent.FutureTask.run(FutureTask.java:264)
	at java.util.concurrent.ThreadPoolExecutor.runWorker(ThreadPoolExecutor.java:1130)
	at java.util.concurrent.ThreadPoolExecutor$Worker.run(ThreadPoolExecutor.java:630)
	at java.lang.Thread.run(Thread.java:832)

2023.09.06 10:29:16 WARN  code navigation does not work for the file 'C:\Users\hugo\Documents\TAA\tpjpa2023\Entity\Department.java' because it doesn't belong to a build target.
2023.09.06 10:29:17 ERROR text document: file:///C:/Users/hugo/Documents/TAA/tpjpa2023/Entity/Department.java
java.nio.file.InvalidPathException: Illegal char <:> at index 4: file:///C:/Users/hugo/Documents/TAA/tpjpa2023/Entity/Department.java
	at sun.nio.fs.WindowsPathParser.normalize(WindowsPathParser.java:182)
	at sun.nio.fs.WindowsPathParser.parse(WindowsPathParser.java:153)
	at sun.nio.fs.WindowsPathParser.parse(WindowsPathParser.java:77)
	at sun.nio.fs.WindowsPath.parse(WindowsPath.java:92)
	at sun.nio.fs.WindowsFileSystem.getPath(WindowsFileSystem.java:229)
	at java.nio.file.Path.resolve(Path.java:515)
	at scala.meta.io.AbsolutePath.resolve(AbsolutePath.scala:43)
	at scala.meta.internal.implementation.ImplementationProvider.$anonfun$computeInheritance$2(ImplementationProvider.scala:85)
	at scala.collection.immutable.Vector.foreach(Vector.scala:1895)
	at scala.meta.internal.implementation.ImplementationProvider.$anonfun$computeInheritance$1(ImplementationProvider.scala:79)
	at scala.meta.internal.implementation.ImplementationProvider.$anonfun$computeInheritance$1$adapted(ImplementationProvider.scala:78)
	at scala.collection.immutable.List.foreach(List.scala:333)
	at scala.meta.internal.implementation.ImplementationProvider.computeInheritance(ImplementationProvider.scala:78)
	at scala.meta.internal.implementation.ImplementationProvider.$anonfun$onChange$1(ImplementationProvider.scala:68)
	at java.util.concurrent.ConcurrentHashMap.compute(ConcurrentHashMap.java:1916)
	at scala.meta.internal.implementation.ImplementationProvider.onChange(ImplementationProvider.scala:68)
	at scala.meta.internal.metals.SemanticdbIndexer.$anonfun$onChange$1(SemanticdbIndexer.scala:81)
	at scala.meta.internal.metals.SemanticdbIndexer.$anonfun$onChange$1$adapted(SemanticdbIndexer.scala:81)
	at scala.collection.immutable.List.foreach(List.scala:333)
	at scala.meta.internal.metals.SemanticdbIndexer.onChange(SemanticdbIndexer.scala:81)
	at scala.meta.internal.metals.SemanticdbIndexer.onChange(SemanticdbIndexer.scala:77)
	at scala.meta.internal.metals.InteractiveSemanticdbs.$anonfun$textDocument$1(InteractiveSemanticdbs.scala:96)
	at java.util.HashMap.compute(HashMap.java:1320)
	at java.util.Collections$SynchronizedMap.compute(Collections.java:2732)
	at scala.meta.internal.metals.InteractiveSemanticdbs.textDocument(InteractiveSemanticdbs.scala:89)
	at scala.meta.internal.metals.InteractiveSemanticdbs.textDocument(InteractiveSemanticdbs.scala:63)
	at scala.meta.internal.metals.AggregateSemanticdbs.loop$1(AggregateSemanticdbs.scala:30)
	at scala.meta.internal.metals.AggregateSemanticdbs.textDocument(AggregateSemanticdbs.scala:36)
	at scala.meta.internal.metals.CodeLensProvider.findLenses(CodeLensProvider.scala:22)
	at scala.meta.internal.metals.MetalsLspService.$anonfun$codeLens$2(MetalsLspService.scala:1761)
	at scala.meta.internal.metals.TimerProvider.timedThunk(TimerProvider.scala:25)
	at scala.meta.internal.metals.MetalsLspService.$anonfun$codeLens$1(MetalsLspService.scala:1759)
	at scala.meta.internal.metals.CancelTokens$.$anonfun$apply$2(CancelTokens.scala:26)
	at scala.concurrent.Future$.$anonfun$apply$1(Future.scala:678)
	at scala.concurrent.impl.Promise$Transformation.run(Promise.scala:467)
	at java.util.concurrent.ThreadPoolExecutor.runWorker(ThreadPoolExecutor.java:1130)
	at java.util.concurrent.ThreadPoolExecutor$Worker.run(ThreadPoolExecutor.java:630)
	at java.lang.Thread.run(Thread.java:832)

2023.09.06 10:29:17 INFO  time: code lens generation in 1.06s
2023.09.06 10:30:01 WARN  no build target for: C:\Users\hugo\Documents\TAA\tpjpa2023\Entity\Department.java
2023.09.06 10:30:06 ERROR text document: file:///C:/Users/hugo/Documents/TAA/tpjpa2023/Entity/Department.java
java.nio.file.InvalidPathException: Illegal char <:> at index 4: file:///C:/Users/hugo/Documents/TAA/tpjpa2023/Entity/Department.java
	at sun.nio.fs.WindowsPathParser.normalize(WindowsPathParser.java:182)
	at sun.nio.fs.WindowsPathParser.parse(WindowsPathParser.java:153)
	at sun.nio.fs.WindowsPathParser.parse(WindowsPathParser.java:77)
	at sun.nio.fs.WindowsPath.parse(WindowsPath.java:92)
	at sun.nio.fs.WindowsFileSystem.getPath(WindowsFileSystem.java:229)
	at java.nio.file.Path.resolve(Path.java:515)
	at scala.meta.io.AbsolutePath.resolve(AbsolutePath.scala:43)
	at scala.meta.internal.implementation.ImplementationProvider.$anonfun$computeInheritance$2(ImplementationProvider.scala:85)
	at scala.collection.immutable.Vector.foreach(Vector.scala:1895)
	at scala.meta.internal.implementation.ImplementationProvider.$anonfun$computeInheritance$1(ImplementationProvider.scala:79)
	at scala.meta.internal.implementation.ImplementationProvider.$anonfun$computeInheritance$1$adapted(ImplementationProvider.scala:78)
	at scala.collection.immutable.List.foreach(List.scala:333)
	at scala.meta.internal.implementation.ImplementationProvider.computeInheritance(ImplementationProvider.scala:78)
	at scala.meta.internal.implementation.ImplementationProvider.$anonfun$onChange$1(ImplementationProvider.scala:68)
	at java.util.concurrent.ConcurrentHashMap.compute(ConcurrentHashMap.java:1916)
	at scala.meta.internal.implementation.ImplementationProvider.onChange(ImplementationProvider.scala:68)
	at scala.meta.internal.metals.SemanticdbIndexer.$anonfun$onChange$1(SemanticdbIndexer.scala:81)
	at scala.meta.internal.metals.SemanticdbIndexer.$anonfun$onChange$1$adapted(SemanticdbIndexer.scala:81)
	at scala.collection.immutable.List.foreach(List.scala:333)
	at scala.meta.internal.metals.SemanticdbIndexer.onChange(SemanticdbIndexer.scala:81)
	at scala.meta.internal.metals.SemanticdbIndexer.onChange(SemanticdbIndexer.scala:77)
	at scala.meta.internal.metals.InteractiveSemanticdbs.$anonfun$textDocument$1(InteractiveSemanticdbs.scala:96)
	at java.util.HashMap.compute(HashMap.java:1320)
	at java.util.Collections$SynchronizedMap.compute(Collections.java:2732)
	at scala.meta.internal.metals.InteractiveSemanticdbs.textDocument(InteractiveSemanticdbs.scala:89)
	at scala.meta.internal.metals.InteractiveSemanticdbs.textDocument(InteractiveSemanticdbs.scala:63)
	at scala.meta.internal.metals.AggregateSemanticdbs.loop$1(AggregateSemanticdbs.scala:30)
	at scala.meta.internal.metals.AggregateSemanticdbs.textDocument(AggregateSemanticdbs.scala:36)
	at scala.meta.internal.metals.CodeLensProvider.findLenses(CodeLensProvider.scala:22)
	at scala.meta.internal.metals.MetalsLspService.$anonfun$codeLens$2(MetalsLspService.scala:1761)
	at scala.meta.internal.metals.TimerProvider.timedThunk(TimerProvider.scala:25)
	at scala.meta.internal.metals.MetalsLspService.$anonfun$codeLens$1(MetalsLspService.scala:1759)
	at scala.meta.internal.metals.CancelTokens$.$anonfun$apply$2(CancelTokens.scala:26)
	at scala.concurrent.Future$.$anonfun$apply$1(Future.scala:678)
	at scala.concurrent.impl.Promise$Transformation.run(Promise.scala:467)
	at java.util.concurrent.ThreadPoolExecutor.runWorker(ThreadPoolExecutor.java:1130)
	at java.util.concurrent.ThreadPoolExecutor$Worker.run(ThreadPoolExecutor.java:630)
	at java.lang.Thread.run(Thread.java:832)

2023.09.06 10:30:06 INFO  time: code lens generation in 1.19s
2023.09.06 10:30:38 ERROR text document: file:///C:/Users/hugo/Documents/TAA/tpjpa2023/Entity/Department.java
java.nio.file.InvalidPathException: Illegal char <:> at index 4: file:///C:/Users/hugo/Documents/TAA/tpjpa2023/Entity/Department.java
	at sun.nio.fs.WindowsPathParser.normalize(WindowsPathParser.java:182)
	at sun.nio.fs.WindowsPathParser.parse(WindowsPathParser.java:153)
	at sun.nio.fs.WindowsPathParser.parse(WindowsPathParser.java:77)
	at sun.nio.fs.WindowsPath.parse(WindowsPath.java:92)
	at sun.nio.fs.WindowsFileSystem.getPath(WindowsFileSystem.java:229)
	at java.nio.file.Path.resolve(Path.java:515)
	at scala.meta.io.AbsolutePath.resolve(AbsolutePath.scala:43)
	at scala.meta.internal.implementation.ImplementationProvider.$anonfun$computeInheritance$2(ImplementationProvider.scala:85)
	at scala.collection.immutable.Vector.foreach(Vector.scala:1895)
	at scala.meta.internal.implementation.ImplementationProvider.$anonfun$computeInheritance$1(ImplementationProvider.scala:79)
	at scala.meta.internal.implementation.ImplementationProvider.$anonfun$computeInheritance$1$adapted(ImplementationProvider.scala:78)
	at scala.collection.immutable.List.foreach(List.scala:333)
	at scala.meta.internal.implementation.ImplementationProvider.computeInheritance(ImplementationProvider.scala:78)
	at scala.meta.internal.implementation.ImplementationProvider.$anonfun$onChange$1(ImplementationProvider.scala:68)
	at java.util.concurrent.ConcurrentHashMap.compute(ConcurrentHashMap.java:1916)
	at scala.meta.internal.implementation.ImplementationProvider.onChange(ImplementationProvider.scala:68)
	at scala.meta.internal.metals.SemanticdbIndexer.$anonfun$onChange$1(SemanticdbIndexer.scala:81)
	at scala.meta.internal.metals.SemanticdbIndexer.$anonfun$onChange$1$adapted(SemanticdbIndexer.scala:81)
	at scala.collection.immutable.List.foreach(List.scala:333)
	at scala.meta.internal.metals.SemanticdbIndexer.onChange(SemanticdbIndexer.scala:81)
	at scala.meta.internal.metals.SemanticdbIndexer.onChange(SemanticdbIndexer.scala:77)
	at scala.meta.internal.metals.InteractiveSemanticdbs.$anonfun$textDocument$1(InteractiveSemanticdbs.scala:96)
	at java.util.HashMap.compute(HashMap.java:1320)
	at java.util.Collections$SynchronizedMap.compute(Collections.java:2732)
	at scala.meta.internal.metals.InteractiveSemanticdbs.textDocument(InteractiveSemanticdbs.scala:89)
	at scala.meta.internal.metals.InteractiveSemanticdbs.textDocument(InteractiveSemanticdbs.scala:63)
	at scala.meta.internal.metals.AggregateSemanticdbs.loop$1(AggregateSemanticdbs.scala:30)
	at scala.meta.internal.metals.AggregateSemanticdbs.textDocument(AggregateSemanticdbs.scala:36)
	at scala.meta.internal.metals.CodeLensProvider.findLenses(CodeLensProvider.scala:22)
	at scala.meta.internal.metals.MetalsLspService.$anonfun$codeLens$2(MetalsLspService.scala:1761)
	at scala.meta.internal.metals.TimerProvider.timedThunk(TimerProvider.scala:25)
	at scala.meta.internal.metals.MetalsLspService.$anonfun$codeLens$1(MetalsLspService.scala:1759)
	at scala.meta.internal.metals.CancelTokens$.$anonfun$apply$2(CancelTokens.scala:26)
	at scala.concurrent.Future$.$anonfun$apply$1(Future.scala:678)
	at scala.concurrent.impl.Promise$Transformation.run(Promise.scala:467)
	at java.util.concurrent.ThreadPoolExecutor.runWorker(ThreadPoolExecutor.java:1130)
	at java.util.concurrent.ThreadPoolExecutor$Worker.run(ThreadPoolExecutor.java:630)
	at java.lang.Thread.run(Thread.java:832)

2023.09.06 10:30:38 INFO  time: code lens generation in 1.22s
sept. 06, 2023 10:33:00 AM org.eclipse.lsp4j.jsonrpc.services.GenericEndpoint notify
INFO: Unsupported notification method: $/setTrace
